-------------------------------------------------------------------------------
Test set: cli.CliCommunicationTest
-------------------------------------------------------------------------------
Tests run: 2, Failures: 1, Errors: 0, Skipped: 0, Time elapsed: 0.312 s <<< FAILURE! - in cli.CliCommunicationTest
fromJson  Time elapsed: 0.05 s  <<< FAILURE!
org.opentest4j.AssertionFailedError: expected: <true> but was: <false>
	at cli.CliCommunicationTest.fromJson(CliCommunicationTest.java:19)

